api/v1alpha1/webhooks/conversion_http.go:15:2: could not import github.com/wrkode/beskar7/api/v1beta1 (-: # github.com/wrkode/beskar7/api/v1beta1
api/v1beta1/beskar7cluster_types.go:61:25: cannot use &Beskar7Cluster{} (value of type *Beskar7Cluster) as "k8s.io/apimachinery/pkg/runtime".Object value in argument to SchemeBuilder.Register: *Beskar7Cluster does not implement "k8s.io/apimachinery/pkg/runtime".Object (missing method DeepCopyObject)
api/v1beta1/beskar7cluster_types.go:61:44: cannot use &Beskar7ClusterList{} (value of type *Beskar7ClusterList) as "k8s.io/apimachinery/pkg/runtime".Object value in argument to SchemeBuilder.Register: *Beskar7ClusterList does not implement "k8s.io/apimachinery/pkg/runtime".Object (missing method DeepCopyObject)
api/v1beta1/beskar7machine_types.go:85:9: cannot use in.DeepCopy() (value of type *"k8s.io/apimachinery/pkg/apis/meta/v1".ObjectMeta) as "k8s.io/apimachinery/pkg/runtime".Object value in return statement: *"k8s.io/apimachinery/pkg/apis/meta/v1".ObjectMeta does not implement "k8s.io/apimachinery/pkg/runtime".Object (missing method DeepCopyObject)
api/v1beta1/beskar7machine_types.go:102:9: cannot use in.DeepCopy() (value of type *"k8s.io/apimachinery/pkg/apis/meta/v1".ListMeta) as "k8s.io/apimachinery/pkg/runtime".Object value in return statement: *"k8s.io/apimachinery/pkg/apis/meta/v1".ListMeta does not implement "k8s.io/apimachinery/pkg/runtime".Object (missing method DeepCopyObject)) (typecheck)
	"github.com/wrkode/beskar7/api/v1beta1"
	^
api/v1beta1/beskar7cluster_types.go:1: : # github.com/wrkode/beskar7/api/v1beta1
api/v1beta1/beskar7cluster_types.go:61:25: cannot use &Beskar7Cluster{} (value of type *Beskar7Cluster) as "k8s.io/apimachinery/pkg/runtime".Object value in argument to SchemeBuilder.Register: *Beskar7Cluster does not implement "k8s.io/apimachinery/pkg/runtime".Object (missing method DeepCopyObject)
api/v1beta1/beskar7cluster_types.go:61:44: cannot use &Beskar7ClusterList{} (value of type *Beskar7ClusterList) as "k8s.io/apimachinery/pkg/runtime".Object value in argument to SchemeBuilder.Register: *Beskar7ClusterList does not implement "k8s.io/apimachinery/pkg/runtime".Object (missing method DeepCopyObject)
api/v1beta1/beskar7machine_types.go:85:9: cannot use in.DeepCopy() (value of type *"k8s.io/apimachinery/pkg/apis/meta/v1".ObjectMeta) as "k8s.io/apimachinery/pkg/runtime".Object value in return statement: *"k8s.io/apimachinery/pkg/apis/meta/v1".ObjectMeta does not implement "k8s.io/apimachinery/pkg/runtime".Object (missing method DeepCopyObject)
api/v1beta1/beskar7machine_types.go:102:9: cannot use in.DeepCopy() (value of type *"k8s.io/apimachinery/pkg/apis/meta/v1".ListMeta) as "k8s.io/apimachinery/pkg/runtime".Object value in return statement: *"k8s.io/apimachinery/pkg/apis/meta/v1".ListMeta does not implement "k8s.io/apimachinery/pkg/runtime".Object (missing method DeepCopyObject) (typecheck)
package v1beta1
api/v1beta1/webhooks/beskar7cluster_webhook.go:13:15: could not import github.com/wrkode/beskar7/api/v1beta1 (-: # github.com/wrkode/beskar7/api/v1beta1
api/v1beta1/beskar7cluster_types.go:61:25: cannot use &Beskar7Cluster{} (value of type *Beskar7Cluster) as "k8s.io/apimachinery/pkg/runtime".Object value in argument to SchemeBuilder.Register: *Beskar7Cluster does not implement "k8s.io/apimachinery/pkg/runtime".Object (missing method DeepCopyObject)
api/v1beta1/beskar7cluster_types.go:61:44: cannot use &Beskar7ClusterList{} (value of type *Beskar7ClusterList) as "k8s.io/apimachinery/pkg/runtime".Object value in argument to SchemeBuilder.Register: *Beskar7ClusterList does not implement "k8s.io/apimachinery/pkg/runtime".Object (missing method DeepCopyObject)
api/v1beta1/beskar7machine_types.go:85:9: cannot use in.DeepCopy() (value of type *"k8s.io/apimachinery/pkg/apis/meta/v1".ObjectMeta) as "k8s.io/apimachinery/pkg/runtime".Object value in return statement: *"k8s.io/apimachinery/pkg/apis/meta/v1".ObjectMeta does not implement "k8s.io/apimachinery/pkg/runtime".Object (missing method DeepCopyObject)
api/v1beta1/beskar7machine_types.go:102:9: cannot use in.DeepCopy() (value of type *"k8s.io/apimachinery/pkg/apis/meta/v1".ListMeta) as "k8s.io/apimachinery/pkg/runtime".Object value in return statement: *"k8s.io/apimachinery/pkg/apis/meta/v1".ListMeta does not implement "k8s.io/apimachinery/pkg/runtime".Object (missing method DeepCopyObject)) (typecheck)
	infrav1beta1 "github.com/wrkode/beskar7/api/v1beta1"
	             ^
api/v1beta1/webhooks/conversion.go:161:35: machine.Spec.ImageURL undefined (type "github.com/wrkode/beskar7/api/v1alpha1".Beskar7MachineSpec has no field or method ImageURL) (typecheck)
			ImageURL:         machine.Spec.ImageURL,
			                               ^
api/v1beta1/webhooks/conversion.go:162:35: machine.Spec.ConfigURL undefined (type "github.com/wrkode/beskar7/api/v1alpha1".Beskar7MachineSpec has no field or method ConfigURL) (typecheck)
			ConfigURL:        machine.Spec.ConfigURL,
			                               ^
api/v1beta1/webhooks/conversion.go:163:35: machine.Spec.OSFamily undefined (type "github.com/wrkode/beskar7/api/v1alpha1".Beskar7MachineSpec has no field or method OSFamily) (typecheck)
			OSFamily:         machine.Spec.OSFamily,
			                               ^
api/v1beta1/webhooks/conversion.go:164:35: machine.Spec.ProvisioningMode undefined (type "github.com/wrkode/beskar7/api/v1alpha1".Beskar7MachineSpec has no field or method ProvisioningMode) (typecheck)
			ProvisioningMode: machine.Spec.ProvisioningMode,
			                               ^
api/v1beta1/webhooks/conversion.go:191:4: unknown field ImageURL in struct literal of type "github.com/wrkode/beskar7/api/v1alpha1".Beskar7MachineSpec (typecheck)
			ImageURL:         machine.Spec.ImageURL,
			^
api/v1beta1/webhooks/conversion.go:192:4: unknown field ConfigURL in struct literal of type "github.com/wrkode/beskar7/api/v1alpha1".Beskar7MachineSpec (typecheck)
			ConfigURL:        machine.Spec.ConfigURL,
			^
api/v1beta1/webhooks/conversion.go:193:4: unknown field OSFamily in struct literal of type "github.com/wrkode/beskar7/api/v1alpha1".Beskar7MachineSpec (typecheck)
			OSFamily:         machine.Spec.OSFamily,
			^
api/v1beta1/webhooks/conversion.go:194:4: unknown field ProvisioningMode in struct literal of type "github.com/wrkode/beskar7/api/v1alpha1".Beskar7MachineSpec (typecheck)
			ProvisioningMode: machine.Spec.ProvisioningMode,
			^
cmd/manager/main.go:38:24: could not import github.com/wrkode/beskar7/api/v1beta1 (-: # github.com/wrkode/beskar7/api/v1beta1
api/v1beta1/beskar7cluster_types.go:61:25: cannot use &Beskar7Cluster{} (value of type *Beskar7Cluster) as "k8s.io/apimachinery/pkg/runtime".Object value in argument to SchemeBuilder.Register: *Beskar7Cluster does not implement "k8s.io/apimachinery/pkg/runtime".Object (missing method DeepCopyObject)
api/v1beta1/beskar7cluster_types.go:61:44: cannot use &Beskar7ClusterList{} (value of type *Beskar7ClusterList) as "k8s.io/apimachinery/pkg/runtime".Object value in argument to SchemeBuilder.Register: *Beskar7ClusterList does not implement "k8s.io/apimachinery/pkg/runtime".Object (missing method DeepCopyObject)
api/v1beta1/beskar7machine_types.go:85:9: cannot use in.DeepCopy() (value of type *"k8s.io/apimachinery/pkg/apis/meta/v1".ObjectMeta) as "k8s.io/apimachinery/pkg/runtime".Object value in return statement: *"k8s.io/apimachinery/pkg/apis/meta/v1".ObjectMeta does not implement "k8s.io/apimachinery/pkg/runtime".Object (missing method DeepCopyObject)
api/v1beta1/beskar7machine_types.go:102:9: cannot use in.DeepCopy() (value of type *"k8s.io/apimachinery/pkg/apis/meta/v1".ListMeta) as "k8s.io/apimachinery/pkg/runtime".Object value in return statement: *"k8s.io/apimachinery/pkg/apis/meta/v1".ListMeta does not implement "k8s.io/apimachinery/pkg/runtime".Object (missing method DeepCopyObject)) (typecheck)
	infrastructurev1beta1 "github.com/wrkode/beskar7/api/v1beta1"
	                      ^
cmd/manager/main.go:40:2: could not import github.com/wrkode/beskar7/controllers (-: # github.com/wrkode/beskar7/controllers
controllers/beskar7machine_controller.go:413:37: b7machine.Spec.ImageURL undefined (type "github.com/wrkode/beskar7/api/v1alpha1".Beskar7MachineSpec has no field or method ImageURL)
controllers/beskar7machine_controller.go:429:38: b7machine.Spec.ProvisioningMode undefined (type "github.com/wrkode/beskar7/api/v1alpha1".Beskar7MachineSpec has no field or method ProvisioningMode)
controllers/beskar7machine_controller.go:431:22: b7machine.Spec.ConfigURL undefined (type "github.com/wrkode/beskar7/api/v1alpha1".Beskar7MachineSpec has no field or method ConfigURL)
controllers/beskar7machine_controller.go:451:22: b7machine.Spec.ConfigURL undefined (type "github.com/wrkode/beskar7/api/v1alpha1".Beskar7MachineSpec has no field or method ConfigURL)
controllers/beskar7machine_controller.go:458:26: b7machine.Spec.OSFamily undefined (type "github.com/wrkode/beskar7/api/v1alpha1".Beskar7MachineSpec has no field or method OSFamily)
controllers/beskar7machine_controller.go:460:73: b7machine.Spec.ConfigURL undefined (type "github.com/wrkode/beskar7/api/v1alpha1".Beskar7MachineSpec has no field or method ConfigURL)
controllers/beskar7machine_controller.go:462:75: b7machine.Spec.ConfigURL undefined (type "github.com/wrkode/beskar7/api/v1alpha1".Beskar7MachineSpec has no field or method ConfigURL)
controllers/beskar7machine_controller.go:464:90: b7machine.Spec.ConfigURL undefined (type "github.com/wrkode/beskar7/api/v1alpha1".Beskar7MachineSpec has no field or method ConfigURL)
controllers/beskar7machine_controller.go:466:78: b7machine.Spec.ConfigURL undefined (type "github.com/wrkode/beskar7/api/v1alpha1".Beskar7MachineSpec has no field or method ConfigURL)
controllers/beskar7machine_controller.go:468:86: b7machine.Spec.OSFamily undefined (type "github.com/wrkode/beskar7/api/v1alpha1".Beskar7MachineSpec has no field or method OSFamily)
controllers/beskar7machine_controller.go:468:86: too many errors) (typecheck)
	"github.com/wrkode/beskar7/controllers"
	^
controllers/beskar7cluster_controller.go:1: : # github.com/wrkode/beskar7/controllers [github.com/wrkode/beskar7/controllers.test]
controllers/beskar7machine_controller.go:413:37: b7machine.Spec.ImageURL undefined (type "github.com/wrkode/beskar7/api/v1alpha1".Beskar7MachineSpec has no field or method ImageURL)
controllers/beskar7machine_controller.go:429:38: b7machine.Spec.ProvisioningMode undefined (type "github.com/wrkode/beskar7/api/v1alpha1".Beskar7MachineSpec has no field or method ProvisioningMode)
controllers/beskar7machine_controller.go:431:22: b7machine.Spec.ConfigURL undefined (type "github.com/wrkode/beskar7/api/v1alpha1".Beskar7MachineSpec has no field or method ConfigURL)
controllers/beskar7machine_controller.go:451:22: b7machine.Spec.ConfigURL undefined (type "github.com/wrkode/beskar7/api/v1alpha1".Beskar7MachineSpec has no field or method ConfigURL)
controllers/beskar7machine_controller.go:458:26: b7machine.Spec.OSFamily undefined (type "github.com/wrkode/beskar7/api/v1alpha1".Beskar7MachineSpec has no field or method OSFamily)
controllers/beskar7machine_controller.go:460:73: b7machine.Spec.ConfigURL undefined (type "github.com/wrkode/beskar7/api/v1alpha1".Beskar7MachineSpec has no field or method ConfigURL)
controllers/beskar7machine_controller.go:462:75: b7machine.Spec.ConfigURL undefined (type "github.com/wrkode/beskar7/api/v1alpha1".Beskar7MachineSpec has no field or method ConfigURL)
controllers/beskar7machine_controller.go:464:90: b7machine.Spec.ConfigURL undefined (type "github.com/wrkode/beskar7/api/v1alpha1".Beskar7MachineSpec has no field or method ConfigURL)
controllers/beskar7machine_controller.go:466:78: b7machine.Spec.ConfigURL undefined (type "github.com/wrkode/beskar7/api/v1alpha1".Beskar7MachineSpec has no field or method ConfigURL)
controllers/beskar7machine_controller.go:468:86: b7machine.Spec.OSFamily undefined (type "github.com/wrkode/beskar7/api/v1alpha1".Beskar7MachineSpec has no field or method OSFamily)
controllers/beskar7machine_controller.go:468:86: too many errors (typecheck)
/*
14 issues:
* typecheck: 14
